{"C:\\Code\\tstesting\\src\\app\\utils.ts": {"path":"C:\\Code\\tstesting\\src\\app\\utils.ts","statementMap":{"0":{"start":{"line":1,"column":0},"end":{"line":1,"column":48}},"1":{"start":{"line":3,"column":0},"end":{"line":3,"column":13}},"2":{"start":{"line":4,"column":17},"end":{"line":7,"column":null}},"3":{"start":{"line":5,"column":6},"end":{"line":5,"column":45}},"4":{"start":{"line":5,"column":16},"end":{"line":5,"column":45}},"5":{"start":{"line":6,"column":6},"end":{"line":6,"column":30}},"6":{"start":{"line":9,"column":17},"end":{"line":11,"column":null}},"7":{"start":{"line":10,"column":6},"end":{"line":10,"column":31}},"8":{"start":{"line":12,"column":0},"end":{"line":12,"column":null}},"9":{"start":{"line":3,"column":13},"end":{"line":3,"column":18}}},"fnMap":{"0":{"name":"(anonymous_0)","decl":{"start":{"line":3,"column":0},"end":{"line":3,"column":13}},"loc":{"start":{"line":3,"column":0},"end":{"line":12,"column":null}}},"1":{"name":"(anonymous_2)","decl":{"start":{"line":4,"column":3},"end":{"line":4,"column":17}},"loc":{"start":{"line":4,"column":37},"end":{"line":7,"column":4}}},"2":{"name":"(anonymous_3)","decl":{"start":{"line":9,"column":3},"end":{"line":9,"column":17}},"loc":{"start":{"line":9,"column":40},"end":{"line":11,"column":4}}}},"branchMap":{"0":{"loc":{"start":{"line":5,"column":6},"end":{"line":5,"column":45}},"type":"if","locations":[{"start":{"line":5,"column":6},"end":{"line":5,"column":45}},{"start":{"line":5,"column":6},"end":{"line":5,"column":45}}]}},"s":{"0":1,"1":1,"2":1,"3":3,"4":1,"5":2,"6":1,"7":0,"8":1,"9":1},"f":{"0":1,"1":3,"2":0},"b":{"0":[1,2]}}
}
